<?xml version="1.0" encoding="UTF-8"?>
<!-- Generated by org.testng.reporters.JUnitXMLReporter -->
<testsuite ignored="0" hostname="DESKTOP-1NP7FAL" failures="0" tests="3" name="error validation test" time="35.295" errors="0" timestamp="2026-02-25T10:16:16 IST">
  <testcase classname="ayushacademy.tests.ErrorValidationTest" name="loginErrorValidation" time="22.167">
    <skipped/>
  </testcase> <!-- loginErrorValidation -->
  <testcase classname="ayushacademy.tests.ErrorValidationTest" name="loginErrorValidation" time="0.992"/>
  <testcase classname="ayushacademy.tests.ErrorValidationTest" name="productErrorValidation" time="3.958"/>
</testsuite> <!-- error validation test -->
