<?xml version="1.0" encoding="UTF-8"?>
<!-- Generated by org.testng.reporters.JUnitXMLReporter -->
<testsuite ignored="0" hostname="DESKTOP-1NP7FAL" failures="0" tests="3" name="submit order test" time="19.585" errors="0" timestamp="2026-02-25T10:16:00 IST">
  <testcase classname="ayushacademy.tests.SubmitOrderTest" name="submitOrder" time="4.882"/>
  <testcase classname="ayushacademy.tests.SubmitOrderTest" name="submitOrder" time="4.967"/>
  <testcase classname="ayushacademy.tests.SubmitOrderTest" name="orderHistoryTest" time="1.078"/>
</testsuite> <!-- submit order test -->
