<?xml version="1.0" encoding="UTF-8"?>
<!-- Generated by org.testng.reporters.JUnitXMLReporter -->
<testsuite ignored="0" hostname="DESKTOP-1NP7FAL" failures="1" tests="3" name="error validation test" time="17.45" errors="0" timestamp="2026-02-26T19:01:30 IST">
  <testcase classname="ayushacademy.tests.ErrorValidationTest" name="loginErrorValidation" time="1.561">
    <skipped/>
  </testcase> <!-- loginErrorValidation -->
  <testcase classname="ayushacademy.tests.ErrorValidationTest" name="loginErrorValidation" time="1.126">
    <failure type="java.lang.AssertionError" message="expected [Incorrect email or password.] but found [Incorrect email  password.]">
      <![CDATA[java.lang.AssertionError: expected [Incorrect email or password.] but found [Incorrect email  password.]
at ayushacademy.tests.ErrorValidationTest.loginErrorValidation(ErrorValidationTest.java:20)
at java.base/java.util.ArrayList.forEach(ArrayList.java:1596)
at java.base/java.util.concurrent.FutureTask.run(FutureTask.java:317)
at java.base/java.util.concurrent.ThreadPoolExecutor.runWorker(ThreadPoolExecutor.java:1144)
at java.base/java.util.concurrent.ThreadPoolExecutor$Worker.run(ThreadPoolExecutor.java:642)
at java.base/java.lang.Thread.run(Thread.java:1583)
... Removed 21 stack frames]]>
    </failure>
  </testcase> <!-- loginErrorValidation -->
  <testcase classname="ayushacademy.tests.ErrorValidationTest" name="productErrorValidation" time="3.936"/>
</testsuite> <!-- error validation test -->
