<?xml version="1.0" encoding="UTF-8"?>
<!-- Generated by org.testng.reporters.JUnitXMLReporter -->
<testsuite ignored="0" hostname="DESKTOP-1NP7FAL" failures="0" tests="3" name="submit order test" time="20.188" errors="0" timestamp="2026-02-26T19:01:32 IST">
  <testcase classname="ayushacademy.tests.SubmitOrderTest" name="submitOrder" time="4.978"/>
  <testcase classname="ayushacademy.tests.SubmitOrderTest" name="submitOrder" time="4.98"/>
  <testcase classname="ayushacademy.tests.SubmitOrderTest" name="orderHistoryTest" time="0.802"/>
</testsuite> <!-- submit order test -->
