<?xml version="1.0" encoding="UTF-8"?>
<!-- Generated by org.testng.reporters.JUnitReportReporter -->
<testsuite hostname="DESKTOP-1NP7FAL" failures="0" tests="3" name="ayushacademy.tests.SubmitOrderTest" time="19.220" errors="0" timestamp="2026-02-25T10:16:16 IST" skipped="0">
  <testcase classname="ayushacademy.tests.SubmitOrderTest" name="submitOrder" time="7.199"/>
  <testcase classname="ayushacademy.tests.SubmitOrderTest" name="submitOrder" time="7.188"/>
  <testcase classname="ayushacademy.tests.SubmitOrderTest" name="orderHistoryTest" time="4.833"/>
</testsuite> <!-- ayushacademy.tests.SubmitOrderTest -->
