<?xml version="1.0" encoding="UTF-8"?>
<!-- Generated by org.testng.reporters.JUnitReportReporter -->
<testsuite hostname="DESKTOP-1NP7FAL" failures="0" tests="3" name="ayushacademy.tests.ErrorValidationTest" time="35.242" errors="0" timestamp="2026-02-25T10:16:16 IST" skipped="1">
  <testcase classname="ayushacademy.tests.ErrorValidationTest" name="loginErrorValidation" time="24.666">
    <skipped/>
  </testcase> <!-- loginErrorValidation -->
  <testcase classname="ayushacademy.tests.ErrorValidationTest" name="loginErrorValidation" time="3.447"/>
  <testcase classname="ayushacademy.tests.ErrorValidationTest" name="productErrorValidation" time="7.129"/>
</testsuite> <!-- ayushacademy.tests.ErrorValidationTest -->
