<?xml version="1.0" encoding="UTF-8"?>
<!-- Generated by org.testng.reporters.JUnitReportReporter -->
<testsuite hostname="DESKTOP-1NP7FAL" failures="0" tests="3" name="ayushacademy.tests.SubmitOrderTest" time="19.886" errors="0" timestamp="2026-02-26T19:01:32 IST" skipped="0">
  <testcase classname="ayushacademy.tests.SubmitOrderTest" name="orderHistoryTest" time="4.328"/>
  <testcase classname="ayushacademy.tests.SubmitOrderTest" name="submitOrder" time="8.634"/>
  <testcase classname="ayushacademy.tests.SubmitOrderTest" name="submitOrder" time="6.924"/>
</testsuite> <!-- ayushacademy.tests.SubmitOrderTest -->
